Starting Selenium Grid
[jenkins] $ /usr/lib/jvm/java-1.8.0-openjdk-1.8.0.342.b07-2.el8_6.x86_64/jre/bin/java -cp /var/cache/jenkins/war/WEB-INF/lib/remoting-4.13.2.jar hudson.remoting.Launcher -cp /var/lib/jenkins/plugins/selenium/WEB-INF/lib/selenium-server-standalone-3.141.59.jar:/var/lib/jenkins/plugins/selenium/WEB-INF/lib/htmlunit-driver-standalone-2.33.3.jar -connectTo localhost:36675
Aug 10, 2022 6:09:50 AM hudson.remoting.Launcher addClasspath
WARNING: [JENKINS-64831] Passing -cp to hudson.remoting.Launcher is deprecated and may not work at all on Java 9+
Starting Selenium Grid
channel started
Aug 10, 2022 6:10:04 AM hudson.plugins.selenium.HubLauncher call
OFF: Grid hub starting with log level INFO
Aug 10, 2022 6:10:04 AM hudson.plugins.selenium.HubLauncher call
OFF: Grid Hub preparing to start on port 4444
2022-08-10 06:10:06.967:INFO::pool-1-thread-1 for channel id=0: Logging initialized @18206ms to org.seleniumhq.jetty9.util.log.StdErrLog
2022-08-10 06:10:07.369:INFO:osjs.Server:pool-1-thread-1 for channel id=0: jetty-9.4.z-SNAPSHOT; built: 2018-08-30T13:59:14.071Z; git: 27208684755d94a92186989f695db2d7b21ebc51; jvm 1.8.0_342-b07
2022-08-10 06:10:07.585:INFO:osjs.session:pool-1-thread-1 for channel id=0: DefaultSessionIdManager workerName=node0
2022-08-10 06:10:07.585:INFO:osjs.session:pool-1-thread-1 for channel id=0: No SessionScavenger set, using defaults
2022-08-10 06:10:07.587:INFO:osjs.session:pool-1-thread-1 for channel id=0: node0 Scavenging every 660000ms
2022-08-10 06:10:07.609:INFO:osjsh.ContextHandler:pool-1-thread-1 for channel id=0: Started o.s.j.s.ServletContextHandler@1457d34b{/,null,AVAILABLE}
2022-08-10 06:10:07.650:INFO:osjs.AbstractConnector:pool-1-thread-1 for channel id=0: Stopped ServerConnector@508698a8{HTTP/1.1,[http/1.1]}{13.235.13.81:4444}
2022-08-10 06:10:07.651:INFO:osjs.session:pool-1-thread-1 for channel id=0: node0 Stopped scavenging
2022-08-10 06:10:07.652:INFO:osjsh.ContextHandler:pool-1-thread-1 for channel id=0: Stopped o.s.j.s.ServletContextHandler@1457d34b{/,null,UNAVAILABLE}
Aug 10, 2022 6:10:07 AM org.openqa.grid.internal.DefaultGridRegistry assignRequestToProxy
INFO: Shutting down registry.
Aug 10, 2022 6:10:07 AM org.openqa.grid.web.Hub start
SEVERE: Port 4444 is busy, please choose a free port for the hub and specify it using -port option
Aug 10, 2022 6:10:07 AM hudson.plugins.selenium.HubLauncher call
OFF: Grid Hub started on port 4444 with args: -maxSession 5 -timeout 300 -browserTimeout 0 -host 13.235.13.81
